-------------------------------------------------------------------------------
Test set: com.oumarket.tester01.HangHoaTestSuite
-------------------------------------------------------------------------------
Tests run: 5, Failures: 1, Errors: 0, Skipped: 0, Time elapsed: 0.523 s <<< FAILURE! - in com.oumarket.tester01.HangHoaTestSuite
deleteSuccess  Time elapsed: 0.049 s  <<< FAILURE!
org.opentest4j.AssertionFailedError: expected: <true> but was: <false>
	at com.oumarket.quanlychuoisieuthibanle/com.oumarket.tester01.HangHoaTestSuite.deleteSuccess(HangHoaTestSuite.java:83)

